"blank"		"=========================="
"blank"		"#NotSeriousWars_Movement_Title"
"blank"		"=========================="
"+forward"	"#Valve_Move_Forward"
"+back"		"#Valve_Move_Back"
"+moveleft"	"#Valve_Move_Left"
"+moveright"	"#Valve_Move_Right"
"+speed"       	"#Valve_Walk"
"commandermode 0"	"#NotSeriousWars_Movement_Type_One"
"commandermode 2"	"#NotSeriousWars_Movement_Type_Two"
"+showscores"	"#NotSeriousWars_Open_InfoBoard"
"blank"		"=========================="
"blank"		"#NotSeriousWars_Select"
"blank"		"=========================="
"+attack"	"#NotSeriousWars_Fire"
"+attack2"	"#NotSeriousWars_Weapon_Special_Func"
"blank"		"=========================="
"blank"		"#Valve_Communication_Title"
"blank"		"=========================="
"+voicerecord"	"#Valve_Use_Voice_Communication"
"say"		"#Valve_Chat_Message"
"say_team"	"#Valve_Team_Message"
"blank"		"=========================="
"blank"		"#Valve_Miscellaneous_Title"
"blank"		"=========================="
"+use"		"#Valve_Use_Items"
"impulse 100"	"#Valve_Flashlight"
"impulse 201"	"#Valve_Spray_Logo"
"jpeg"		"#Valve_Take_Screen_Shot"
"quit"		"#Valve_Quit_Game"
"blank"		"=========================="
"blank"		"#Valve_Miscellaneous_Keyboard_Keys_Title"
"blank"		"=========================="
"+left"		"#Valve_Turn_Left"
"+right"	"#Valve_Turn_Right"
"+moveup"	"#Valve_Swim_Up"
"+movedown"	"#Valve_Swim_Down"
"+lookup"	"#Valve_Look_Up"
"+lookdown"	"#Valve_Look_Down"
"centerview"	"#Cstrike_Reset_View"
"+strafe"	"#Valve_Strafe_Modifier"
"+mlook"	"#Cstrike_Mouse_Look"
"+klook"	"#Cstrike_Keyboard_Look"

